<?xml version="1.0" encoding="UTF-8"?>
<!-- Generated by org.testng.reporters.JUnitReportReporter -->
<testsuite hostname="MOHAMMAD" failures="0" tests="4" name="AutomationDatabase.MyData" time="0.090" errors="0" timestamp="2025-09-18T19:51:51 EET" skipped="1">
  <testcase classname="AutomationDatabase.MyData" name="UpdateData" time="0.024"/>
  <testcase classname="AutomationDatabase.MyData" name="ReadData" time="0.055"/>
  <testcase classname="AutomationDatabase.MyData" name="DeleteData" time="0.011"/>
  <testcase classname="AutomationDatabase.MyData" name="AddRecord">
    <skipped/>
  </testcase> <!-- AddRecord -->
</testsuite> <!-- AutomationDatabase.MyData -->
