<?xml version="1.0" encoding="UTF-8"?>
<!-- Generated by org.testng.reporters.JUnitReportReporter -->
<testsuite hostname="MOHAMMAD" failures="0" tests="11" name="AutomationDatabase.MyTestCases" time="37.661" errors="0" timestamp="2025-09-23T20:07:02 EET" skipped="0">
  <testcase classname="AutomationDatabase.MyTestCases" name="AddRecord" time="0.042"/>
  <testcase classname="AutomationDatabase.MyTestCases" name="UpdateData" time="0.006"/>
  <testcase classname="AutomationDatabase.MyTestCases" name="ReadData" time="0.070"/>
  <testcase classname="AutomationDatabase.MyTestCases" name="DeleteData" time="0.007"/>
  <testcase classname="AutomationDatabase.MyTestCases" name="SignUpTest" time="12.489"/>
  <testcase classname="AutomationDatabase.MyTestCases" name="logOutTest" time="4.766"/>
  <testcase classname="AutomationDatabase.MyTestCases" name="LoginTest" time="6.537"/>
  <testcase classname="AutomationDatabase.MyTestCases" name="AddItems" time="3.902"/>
  <testcase classname="AutomationDatabase.MyTestCases" name="AddItems" time="3.301"/>
  <testcase classname="AutomationDatabase.MyTestCases" name="UpdateItemsTest" time="0.570"/>
  <testcase classname="AutomationDatabase.MyTestCases" name="CheckOutTest" time="5.971"/>
</testsuite> <!-- AutomationDatabase.MyTestCases -->
