<?xml version="1.0" encoding="UTF-8"?>
<!-- Generated by org.testng.reporters.JUnitReportReporter -->
<testsuite hostname="MOHAMMAD" failures="0" tests="3" name="TestCheckout" time="0.847" errors="0" timestamp="2025-09-08T19:31:26 EET" skipped="1">
  <testcase classname="TestCheckout" name="LoginWithNormalUser" time="0.426"/>
  <testcase classname="TestCheckout" name="AddTwoRandomItems" time="0.421"/>
  <testcase classname="TestCheckout" name="Checkout">
    <skipped/>
  </testcase> <!-- Checkout -->
</testsuite> <!-- TestCheckout -->
