<?xml version="1.0" encoding="UTF-8"?>
<!-- Generated by org.testng.reporters.JUnitReportReporter -->
<testsuite hostname="MOHAMMAD" failures="0" tests="7" name="AutomationDatabase.MyTestCases" time="6.770" errors="0" timestamp="2025-09-20T23:19:35 EET" skipped="2">
  <testcase classname="AutomationDatabase.MyTestCases" name="AddRecord" time="0.034"/>
  <testcase classname="AutomationDatabase.MyTestCases" name="UpdateData" time="0.005"/>
  <testcase classname="AutomationDatabase.MyTestCases" name="ReadData" time="0.065"/>
  <testcase classname="AutomationDatabase.MyTestCases" name="DeleteData" time="0.006"/>
  <testcase classname="AutomationDatabase.MyTestCases" name="LoginTest" time="6.660"/>
  <testcase classname="AutomationDatabase.MyTestCases" name="SignUpTest">
    <skipped/>
  </testcase> <!-- SignUpTest -->
  <testcase classname="AutomationDatabase.MyTestCases" name="logOutTest">
    <skipped/>
  </testcase> <!-- logOutTest -->
</testsuite> <!-- AutomationDatabase.MyTestCases -->
