<?xml version="1.0" encoding="UTF-8"?>
<!-- Generated by org.testng.reporters.JUnitReportReporter -->
<testsuite hostname="MOHAMMAD" failures="0" tests="4" name="AutomationTestStore.TestCases" time="0.600" errors="0" timestamp="2025-09-18T01:05:20 EET" skipped="0">
  <testcase classname="AutomationTestStore.TestCases" name="AddRecord" time="0.033"/>
  <testcase classname="AutomationTestStore.TestCases" name="UpdateData" time="0.007"/>
  <testcase classname="AutomationTestStore.TestCases" name="ReadData" time="0.554"/>
  <testcase classname="AutomationTestStore.TestCases" name="DeleteData" time="0.006"/>
</testsuite> <!-- AutomationTestStore.TestCases -->
