<?xml version="1.0" encoding="UTF-8"?>
<!-- Generated by org.testng.reporters.JUnitReportReporter -->
<testsuite hostname="MOHAMMAD" failures="0" tests="5" name="AutomationDatabase.MyTestCases" time="2.016" errors="0" timestamp="2025-09-18T20:03:01 EET" skipped="0">
  <testcase classname="AutomationDatabase.MyTestCases" name="AddRecord" time="0.068"/>
  <testcase classname="AutomationDatabase.MyTestCases" name="UpdateData" time="0.009"/>
  <testcase classname="AutomationDatabase.MyTestCases" name="ReadData" time="0.092"/>
  <testcase classname="AutomationDatabase.MyTestCases" name="DeleteData" time="0.013"/>
  <testcase classname="AutomationDatabase.MyTestCases" name="SignUpTest" time="1.834"/>
</testsuite> <!-- AutomationDatabase.MyTestCases -->
