<?xml version="1.0" encoding="UTF-8"?>
<!-- Generated by org.testng.reporters.JUnitReportReporter -->
<testsuite hostname="MOHAMMAD" failures="0" tests="11" name="AutomationDatabase.MyTestCases" time="24.655" errors="0" timestamp="2025-09-21T22:51:59 EET" skipped="2">
  <testcase classname="AutomationDatabase.MyTestCases" name="AddRecord" time="0.039"/>
  <testcase classname="AutomationDatabase.MyTestCases" name="UpdateData" time="0.008"/>
  <testcase classname="AutomationDatabase.MyTestCases" name="ReadData" time="0.082"/>
  <testcase classname="AutomationDatabase.MyTestCases" name="DeleteData" time="0.008"/>
  <testcase classname="AutomationDatabase.MyTestCases" name="LoginTest" time="6.836"/>
  <testcase classname="AutomationDatabase.MyTestCases" name="AddItems" time="5.031"/>
  <testcase classname="AutomationDatabase.MyTestCases" name="AddItems" time="4.261"/>
  <testcase classname="AutomationDatabase.MyTestCases" name="UpdateItemsTest" time="1.114"/>
  <testcase classname="AutomationDatabase.MyTestCases" name="CheckOutTest" time="7.276"/>
  <testcase classname="AutomationDatabase.MyTestCases" name="logOutTest">
    <skipped/>
  </testcase> <!-- logOutTest -->
  <testcase classname="AutomationDatabase.MyTestCases" name="SignUpTest">
    <skipped/>
  </testcase> <!-- SignUpTest -->
</testsuite> <!-- AutomationDatabase.MyTestCases -->
