<?xml version="1.0" encoding="UTF-8"?>
<!-- Generated by org.testng.reporters.JUnitReportReporter -->
<testsuite hostname="MOHAMMAD" failures="0" tests="4" name="AutomationTestStore.MyData" time="0.559" errors="0" timestamp="2025-09-18T01:14:24 EET" skipped="0">
  <testcase classname="AutomationTestStore.MyData" name="AddRecord" time="0.032"/>
  <testcase classname="AutomationTestStore.MyData" name="UpdateData" time="0.008"/>
  <testcase classname="AutomationTestStore.MyData" name="ReadData" time="0.505"/>
  <testcase classname="AutomationTestStore.MyData" name="DeleteData" time="0.014"/>
</testsuite> <!-- AutomationTestStore.MyData -->
